<?xml version="1.0" encoding="UTF-8"?>
<!-- Generated by org.testng.reporters.JUnitReportReporter -->
<testsuite hostname="DESKTOP-V2ONJQQ" failures="0" tests="1" name="PracticeClasses.ScrollMouse_ByPage" time="7.938" errors="0" timestamp="2023-04-06T19:12:23 IST" skipped="0">
  <testcase classname="PracticeClasses.ScrollMouse_ByPage" name="ByPage" time="7.938"/>
  <system-out/>
</testsuite> <!-- PracticeClasses.ScrollMouse_ByPage -->
