<?xml version="1.0" encoding="UTF-8"?>
<!-- Generated by org.testng.reporters.JUnitReportReporter -->
<testsuite hostname="DESKTOP-V2ONJQQ" failures="0" tests="1" name="PracticeClasses.ScrollMouse_ByVisibleElement" time="8.055" errors="0" timestamp="2023-04-06T19:09:23 IST" skipped="0">
  <testcase classname="PracticeClasses.ScrollMouse_ByVisibleElement" name="ByVisibleElement" time="8.055"/>
  <system-out/>
</testsuite> <!-- PracticeClasses.ScrollMouse_ByVisibleElement -->
