<?xml version="1.0" encoding="UTF-8"?>
<!-- Generated by org.testng.reporters.JUnitReportReporter -->
<testsuite hostname="DESKTOP-V2ONJQQ" failures="0" tests="6" name="com.test.GoogleTest" time="18.494" errors="0" timestamp="2023-03-02T18:26:46 IST" skipped="0">
  <testcase classname="com.test.GoogleTest" name="googleTitleTest" time="2.330"/>
  <system-out/>
  <testcase classname="com.test.GoogleTest" name="gmailLinkTest" time="2.791"/>
  <system-out/>
  <testcase classname="com.test.GoogleTest" name="googleLogoTest" time="4.848"/>
  <system-out/>
  <testcase classname="com.test.GoogleTest" name="test1" time="3.835"/>
  <system-out/>
  <testcase classname="com.test.GoogleTest" name="test2" time="2.212"/>
  <system-out/>
  <testcase classname="com.test.GoogleTest" name="test3" time="2.478"/>
  <system-out/>
</testsuite> <!-- com.test.GoogleTest -->
