<?xml version="1.0" encoding="UTF-8"?>
<!-- Generated by org.testng.reporters.JUnitReportReporter -->
<testsuite hostname="DESKTOP-V2ONJQQ" failures="0" tests="9" name="com.test.InvocationCountTest" time="0.038" errors="0" timestamp="2023-01-29T11:09:15 IST" skipped="0">
  <testcase classname="com.test.InvocationCountTest" name="sum" time="0.004"/>
  <system-out/>
  <testcase classname="com.test.InvocationCountTest" name="sum" time="0.004"/>
  <system-out/>
  <testcase classname="com.test.InvocationCountTest" name="sum" time="0.003"/>
  <system-out/>
  <testcase classname="com.test.InvocationCountTest" name="sum" time="0.005"/>
  <system-out/>
  <testcase classname="com.test.InvocationCountTest" name="sum" time="0.005"/>
  <system-out/>
  <testcase classname="com.test.InvocationCountTest" name="sum" time="0.004"/>
  <system-out/>
  <testcase classname="com.test.InvocationCountTest" name="sum" time="0.004"/>
  <system-out/>
  <testcase classname="com.test.InvocationCountTest" name="sum" time="0.005"/>
  <system-out/>
  <testcase classname="com.test.InvocationCountTest" name="sum" time="0.004"/>
  <system-out/>
</testsuite> <!-- com.test.InvocationCountTest -->
