<?xml version="1.0" encoding="UTF-8"?>
<!-- Generated by org.testng.reporters.JUnitReportReporter -->
<testsuite hostname="DESKTOP-V2ONJQQ" failures="0" tests="1" name="practice.DownloadFileConcept" time="9.642" errors="0" timestamp="2023-03-11T12:33:20 IST" skipped="0">
  <testcase classname="practice.DownloadFileConcept" name="downloadFileTest" time="9.642"/>
  <system-out/>
</testsuite> <!-- practice.DownloadFileConcept -->
