<?xml version="1.0" encoding="UTF-8"?>
<!-- Generated by org.testng.reporters.JUnitReportReporter -->
<testsuite hostname="DESKTOP-V2ONJQQ" failures="0" tests="1" name="com.test.ExceptionTimeOut" time="0.010" errors="0" timestamp="2023-01-29T11:09:15 IST" skipped="0">
  <testcase classname="com.test.ExceptionTimeOut" name="test1" time="0.010"/>
  <system-out/>
</testsuite> <!-- com.test.ExceptionTimeOut -->
