<?xml version="1.0" encoding="UTF-8"?>
<!-- Generated by org.testng.reporters.JUnitReportReporter -->
<testsuite hostname="DESKTOP-V2ONJQQ" failures="0" tests="2" name="FreeCRMTesting.FreeCRMTest" time="52.832" errors="0" timestamp="2023-03-07T23:09:35 IST" skipped="0">
  <testcase classname="FreeCRMTesting.FreeCRMTest" name="loginWithAdminUserTest" time="29.793"/>
  <system-out/>
  <testcase classname="FreeCRMTesting.FreeCRMTest" name="loginWithAdminCustomerTest" time="23.039"/>
  <system-out/>
</testsuite> <!-- FreeCRMTesting.FreeCRMTest -->
