<?xml version="1.0" encoding="UTF-8"?>
<!-- Generated by org.testng.reporters.JUnitReportReporter -->
<testsuite hostname="DESKTOP-V2ONJQQ" failures="0" tests="3" name="com.test.TestNGBasics" time="0.012" errors="0" timestamp="2023-01-29T11:09:15 IST" skipped="0">
  <testcase classname="com.test.TestNGBasics" name="googleLogoTest" time="0.004"/>
  <system-out/>
  <testcase classname="com.test.TestNGBasics" name="googleTitleTest" time="0.004"/>
  <system-out/>
  <testcase classname="com.test.TestNGBasics" name="searchTest" time="0.004"/>
  <system-out/>
</testsuite> <!-- com.test.TestNGBasics -->
