<?xml version="1.0" encoding="UTF-8"?>
<!-- Generated by org.testng.reporters.JUnitReportReporter -->
<testsuite hostname="DESKTOP-V2ONJQQ" failures="0" tests="3" name="practice.BasicTest" time="0.009" errors="0" timestamp="2023-02-20T16:21:56 IST" skipped="0">
  <testcase classname="practice.BasicTest" name="test4" time="0.006"/>
  <system-out/>
  <testcase classname="practice.BasicTest" name="test3" time="0.002"/>
  <system-out/>
  <testcase classname="practice.BasicTest" name="test5" time="0.001"/>
  <system-out/>
</testsuite> <!-- practice.BasicTest -->
