<?xml version="1.0" encoding="UTF-8"?>
<!-- Generated by org.testng.reporters.JUnitReportReporter -->
<testsuite hostname="DESKTOP-V2ONJQQ" failures="0" tests="2" name="com.test.GoogleTitleTest" time="5.253" errors="0" timestamp="2023-02-21T19:16:57 IST" skipped="0">
  <testcase classname="com.test.GoogleTitleTest" name="googleLogoTest" time="3.206"/>
  <system-out/>
  <testcase classname="com.test.GoogleTitleTest" name="googleTitleTest" time="2.047"/>
  <system-out/>
</testsuite> <!-- com.test.GoogleTitleTest -->
