<?xml version="1.0" encoding="UTF-8"?>
<!-- Generated by org.testng.reporters.JUnitReportReporter -->
<testsuite hostname="DESKTOP-V2ONJQQ" failures="0" tests="1" name="PracticeClasses.ScrollMouse_Horizontal" time="6.835" errors="0" timestamp="2023-04-06T19:14:56 IST" skipped="0">
  <testcase classname="PracticeClasses.ScrollMouse_Horizontal" name="ScrollHorizontally" time="6.835"/>
  <system-out/>
</testsuite> <!-- PracticeClasses.ScrollMouse_Horizontal -->
