<?xml version="1.0" encoding="UTF-8"?>
<!-- Generated by org.testng.reporters.JUnitReportReporter -->
<testsuite hostname="DESKTOP-V2ONJQQ" failures="0" tests="1" name="PracticeClasses.ScrollDown" time="7.946" errors="0" timestamp="2023-04-06T18:58:50 IST" skipped="0">
  <testcase classname="PracticeClasses.ScrollDown" name="ByPixel" time="7.946"/>
  <system-out/>
</testsuite> <!-- PracticeClasses.ScrollDown -->
