<?xml version="1.0" encoding="UTF-8"?>
<!-- Generated by org.testng.reporters.JUnitReportReporter -->
<testsuite hostname="DESKTOP-V2ONJQQ" failures="0" tests="4" name="com.test.TestNGFeatures" time="0.010" errors="0" timestamp="2023-01-29T11:09:14 IST" skipped="0">
  <testcase classname="com.test.TestNGFeatures" name="LoginTest" time="0.002"/>
  <system-out/>
  <testcase classname="com.test.TestNGFeatures" name="RegPageTest" time="0.004"/>
  <system-out/>
  <testcase classname="com.test.TestNGFeatures" name="SearchPageTest" time="0.002"/>
  <system-out/>
  <testcase classname="com.test.TestNGFeatures" name="HomePageTest" time="0.002"/>
  <system-out/>
</testsuite> <!-- com.test.TestNGFeatures -->
